15-01-2020 17:45:03	This log contains information about the import schema operation into project 'ChildCare.MonitoringSystem.Database' on computer 'LAPTOP-J2D0BL79' by user 'Admin'.
15-01-2020 17:45:03	Import of database schema has started.
15-01-2020 17:45:10	Gathering database credentials
15-01-2020 17:45:10	Gathering database options
15-01-2020 17:45:10	Gathering generic database scoped configuration option
15-01-2020 17:45:10	Gathering users
15-01-2020 17:45:10	Gathering roles
15-01-2020 17:45:10	Gathering application roles
15-01-2020 17:45:10	Gathering role memberships
15-01-2020 17:45:10	Gathering filegroups
15-01-2020 17:45:10	Gathering full-text catalogs
15-01-2020 17:45:10	Gathering assemblies
15-01-2020 17:45:10	Gathering certificates
15-01-2020 17:45:10	Gathering asymmetric keys
15-01-2020 17:45:10	Gathering symmetric keys
15-01-2020 17:45:10	Gathering encrypted symmetric keys
15-01-2020 17:45:10	Gathering schemas
15-01-2020 17:45:10	Gathering XML schema collections
15-01-2020 17:45:10	Gathering user-defined data types
15-01-2020 17:45:10	Gathering user-defined types
15-01-2020 17:45:10	Gathering table types
15-01-2020 17:45:10	Gathering unique keys for table types
15-01-2020 17:45:10	Gathering primary keys for table types
15-01-2020 17:45:10	Gathering indexes for table types
15-01-2020 17:45:10	Gathering check constraints for table types
15-01-2020 17:45:10	Gathering default constraints for table types
15-01-2020 17:45:10	Gathering partition functions
15-01-2020 17:45:10	Gathering partition schemes
15-01-2020 17:45:11	Gathering functions
15-01-2020 17:45:11	Gathering encrypted functions
15-01-2020 17:45:11	Gathering aggregates
15-01-2020 17:45:11	Gathering procedures
15-01-2020 17:45:11	Gathering encrypted procedures
15-01-2020 17:45:11	Gathering tables
15-01-2020 17:45:11	Gathering primary keys
15-01-2020 17:45:11	Gathering unique constraints
15-01-2020 17:45:11	Gathering foreign keys
15-01-2020 17:45:11	Gathering default constraints
15-01-2020 17:45:11	Gathering check constraints
15-01-2020 17:45:11	Gathering views
15-01-2020 17:45:11	Gathering encrypted views
15-01-2020 17:45:11	Gathering indexes
15-01-2020 17:45:11	Gathering statistics
15-01-2020 17:45:11	Gathering full-text index stoplists
15-01-2020 17:45:11	Gathering search property lists
15-01-2020 17:45:11	Gathering search properties
15-01-2020 17:45:11	Gathering full-text indexes
15-01-2020 17:45:11	Gathering column store indexes
15-01-2020 17:45:11	Gathering spatial indexes
15-01-2020 17:45:11	Gathering XML indexes
15-01-2020 17:45:11	Gathering Selective XML indexes
15-01-2020 17:45:11	Gathering encrypted triggers
15-01-2020 17:45:11	Gathering triggers
15-01-2020 17:45:11	Gathering encrypted and clr ddl triggers
15-01-2020 17:45:11	Gathering ddl triggers
15-01-2020 17:45:11	Gathering synonyms
15-01-2020 17:45:11	Gathering defaults
15-01-2020 17:45:11	Gathering data constraint uddt bindings
15-01-2020 17:45:11	Gathering rules
15-01-2020 17:45:11	Gathering data constraint uddt bindings
15-01-2020 17:45:11	Gathering message types
15-01-2020 17:45:11	Gathering queues
15-01-2020 17:45:11	Gathering contracts
15-01-2020 17:45:11	Gathering services
15-01-2020 17:45:11	Gathering event notifications
15-01-2020 17:45:11	Gathering remote service bindings
15-01-2020 17:45:11	Gathering broker priorities
15-01-2020 17:45:11	Gathering signatures
15-01-2020 17:45:11	Gathering data compression options
15-01-2020 17:45:11	Gathering sequence types
15-01-2020 17:45:11	Gathering security policies
15-01-2020 17:45:11	Gather column encryption keys
15-01-2020 17:45:11	Gathering column master keys
15-01-2020 17:45:11	Gathering external data sources
15-01-2020 17:45:11	Gathering external file formats
15-01-2020 17:45:11	Gathering external tables
15-01-2020 17:45:11	Gathering extended properties
15-01-2020 17:45:11	Gathering credentials
15-01-2020 17:45:11	Gathering logins
15-01-2020 17:45:11	Gathering server audits
15-01-2020 17:45:11	Finished importing database.
15-01-2020 17:45:11	A summary of the import was saved to the following location: D:\Aykan Projects\Projects\ChildCare.MonitoringSystem\06 Database\ChildCare.MonitoringSystem.Database\Import Schema Logs\ChildCare.Monitoring_20200115121503.log
15-01-2020 17:45:11	Click Finish to continue...
